{"level":"info","message":"MongoDB connected successfully","timestamp":"2026-05-08 10:35:49"}
{"level":"info","message":"CoreX Ventures API running on port 5000 [development]","timestamp":"2026-05-08 10:35:49"}
{"level":"warn","message":"MongoDB disconnected","timestamp":"2026-05-08 13:04:02"}
{"level":"warn","message":"MongoDB connection failed. Retrying in 5s... (5 attempts left)","timestamp":"2026-05-08 13:04:02"}
{"level":"warn","message":"MongoDB disconnected","timestamp":"2026-05-08 13:04:08"}
{"level":"warn","message":"MongoDB connection failed. Retrying in 5s... (4 attempts left)","timestamp":"2026-05-08 13:04:08"}
{"level":"warn","message":"MongoDB disconnected","timestamp":"2026-05-08 13:04:13"}
{"level":"warn","message":"MongoDB connection failed. Retrying in 5s... (3 attempts left)","timestamp":"2026-05-08 13:04:13"}
{"level":"warn","message":"MongoDB disconnected","timestamp":"2026-05-08 13:04:18"}
{"level":"warn","message":"MongoDB connection failed. Retrying in 5s... (2 attempts left)","timestamp":"2026-05-08 13:04:18"}
{"level":"warn","message":"MongoDB disconnected","timestamp":"2026-05-08 13:04:23"}
{"level":"warn","message":"MongoDB connection failed. Retrying in 5s... (1 attempts left)","timestamp":"2026-05-08 13:04:23"}
{"level":"warn","message":"MongoDB disconnected","timestamp":"2026-05-08 13:04:28"}
{"level":"warn","message":"MongoDB disconnected","timestamp":"2026-05-08 13:05:03"}
{"level":"warn","message":"MongoDB connection failed. Retrying in 5s... (5 attempts left)","timestamp":"2026-05-08 13:05:03"}
{"level":"warn","message":"MongoDB disconnected","timestamp":"2026-05-08 13:05:09"}
{"level":"warn","message":"MongoDB connection failed. Retrying in 5s... (4 attempts left)","timestamp":"2026-05-08 13:05:09"}
{"level":"warn","message":"MongoDB disconnected","timestamp":"2026-05-08 13:05:14"}
{"level":"warn","message":"MongoDB connection failed. Retrying in 5s... (3 attempts left)","timestamp":"2026-05-08 13:05:14"}
{"level":"warn","message":"MongoDB disconnected","timestamp":"2026-05-08 13:05:18"}
{"level":"warn","message":"MongoDB connection failed. Retrying in 5s... (5 attempts left)","timestamp":"2026-05-08 13:05:18"}
{"level":"warn","message":"MongoDB disconnected","timestamp":"2026-05-08 13:05:23"}
{"level":"warn","message":"MongoDB connection failed. Retrying in 5s... (4 attempts left)","timestamp":"2026-05-08 13:05:23"}
{"level":"warn","message":"MongoDB disconnected","timestamp":"2026-05-08 13:05:28"}
{"level":"warn","message":"MongoDB connection failed. Retrying in 5s... (3 attempts left)","timestamp":"2026-05-08 13:05:28"}
{"level":"warn","message":"MongoDB disconnected","timestamp":"2026-05-08 13:05:35"}
{"level":"warn","message":"MongoDB connection failed. Retrying in 5s... (2 attempts left)","timestamp":"2026-05-08 13:05:35"}
{"level":"warn","message":"MongoDB disconnected","timestamp":"2026-05-08 13:05:40"}
{"level":"warn","message":"MongoDB connection failed. Retrying in 5s... (1 attempts left)","timestamp":"2026-05-08 13:05:40"}
{"level":"warn","message":"MongoDB disconnected","timestamp":"2026-05-08 13:05:45"}
{"level":"warn","message":"MongoDB disconnected","timestamp":"2026-05-08 13:05:47"}
{"level":"warn","message":"MongoDB connection failed. Retrying in 5s... (5 attempts left)","timestamp":"2026-05-08 13:05:47"}
{"level":"warn","message":"MongoDB disconnected","timestamp":"2026-05-08 13:05:56"}
{"level":"warn","message":"MongoDB connection failed. Retrying in 5s... (4 attempts left)","timestamp":"2026-05-08 13:05:56"}
{"level":"warn","message":"MongoDB disconnected","timestamp":"2026-05-08 13:06:01"}
{"level":"warn","message":"MongoDB connection failed. Retrying in 5s... (3 attempts left)","timestamp":"2026-05-08 13:06:01"}
{"level":"warn","message":"MongoDB disconnected","timestamp":"2026-05-08 13:06:06"}
{"level":"warn","message":"MongoDB connection failed. Retrying in 5s... (2 attempts left)","timestamp":"2026-05-08 13:06:06"}
{"level":"warn","message":"MongoDB disconnected","timestamp":"2026-05-08 13:06:12"}
{"level":"warn","message":"MongoDB connection failed. Retrying in 5s... (1 attempts left)","timestamp":"2026-05-08 13:06:12"}
{"level":"warn","message":"MongoDB disconnected","timestamp":"2026-05-08 13:06:17"}
{"level":"warn","message":"MongoDB disconnected","timestamp":"2026-05-08 13:09:50"}
{"level":"warn","message":"MongoDB connection failed. Retrying in 5s... (5 attempts left)","timestamp":"2026-05-08 13:09:50"}
{"level":"warn","message":"MongoDB disconnected","timestamp":"2026-05-08 13:09:55"}
{"level":"warn","message":"MongoDB connection failed. Retrying in 5s... (4 attempts left)","timestamp":"2026-05-08 13:09:55"}
{"level":"warn","message":"MongoDB disconnected","timestamp":"2026-05-08 13:10:00"}
{"level":"warn","message":"MongoDB connection failed. Retrying in 5s... (3 attempts left)","timestamp":"2026-05-08 13:10:00"}
{"level":"warn","message":"MongoDB disconnected","timestamp":"2026-05-08 13:10:05"}
{"level":"warn","message":"MongoDB connection failed. Retrying in 5s... (2 attempts left)","timestamp":"2026-05-08 13:10:05"}
{"level":"warn","message":"MongoDB disconnected","timestamp":"2026-05-08 13:10:11"}
{"level":"warn","message":"MongoDB connection failed. Retrying in 5s... (1 attempts left)","timestamp":"2026-05-08 13:10:11"}
{"level":"warn","message":"MongoDB disconnected","timestamp":"2026-05-08 13:10:16"}
{"level":"warn","message":"MongoDB disconnected","timestamp":"2026-05-08 13:10:52"}
{"level":"warn","message":"MongoDB connection failed. Retrying in 5s... (5 attempts left)","timestamp":"2026-05-08 13:10:52"}
{"level":"warn","message":"MongoDB disconnected","timestamp":"2026-05-08 13:10:57"}
{"level":"warn","message":"MongoDB connection failed. Retrying in 5s... (4 attempts left)","timestamp":"2026-05-08 13:10:57"}
{"level":"warn","message":"MongoDB disconnected","timestamp":"2026-05-08 13:11:03"}
{"level":"warn","message":"MongoDB connection failed. Retrying in 5s... (3 attempts left)","timestamp":"2026-05-08 13:11:03"}
{"level":"warn","message":"MongoDB disconnected","timestamp":"2026-05-08 13:11:08"}
{"level":"warn","message":"MongoDB connection failed. Retrying in 5s... (2 attempts left)","timestamp":"2026-05-08 13:11:08"}
{"level":"warn","message":"MongoDB disconnected","timestamp":"2026-05-08 13:11:13"}
{"level":"warn","message":"MongoDB connection failed. Retrying in 5s... (1 attempts left)","timestamp":"2026-05-08 13:11:13"}
{"level":"warn","message":"MongoDB disconnected","timestamp":"2026-05-08 13:11:18"}
{"level":"warn","message":"MongoDB disconnected","timestamp":"2026-05-08 13:19:30"}
{"level":"warn","message":"MongoDB connection failed. Retrying in 5s... (5 attempts left)","timestamp":"2026-05-08 13:19:30"}
{"level":"warn","message":"MongoDB disconnected","timestamp":"2026-05-08 13:19:35"}
{"level":"warn","message":"MongoDB connection failed. Retrying in 5s... (4 attempts left)","timestamp":"2026-05-08 13:19:35"}
{"level":"warn","message":"MongoDB disconnected","timestamp":"2026-05-08 13:19:40"}
{"level":"warn","message":"MongoDB connection failed. Retrying in 5s... (3 attempts left)","timestamp":"2026-05-08 13:19:40"}
{"level":"warn","message":"MongoDB disconnected","timestamp":"2026-05-08 13:19:45"}
{"level":"warn","message":"MongoDB connection failed. Retrying in 5s... (2 attempts left)","timestamp":"2026-05-08 13:19:45"}
{"level":"warn","message":"MongoDB disconnected","timestamp":"2026-05-08 13:19:51"}
{"level":"warn","message":"MongoDB connection failed. Retrying in 5s... (1 attempts left)","timestamp":"2026-05-08 13:19:51"}
{"level":"warn","message":"MongoDB disconnected","timestamp":"2026-05-08 13:19:56"}
{"level":"warn","message":"MongoDB disconnected","timestamp":"2026-05-08 13:27:06"}
{"level":"warn","message":"MongoDB connection failed. Retrying in 5s... (5 attempts left)","timestamp":"2026-05-08 13:27:06"}
{"level":"warn","message":"MongoDB disconnected","timestamp":"2026-05-08 13:27:11"}
{"level":"warn","message":"MongoDB connection failed. Retrying in 5s... (4 attempts left)","timestamp":"2026-05-08 13:27:11"}
{"level":"warn","message":"MongoDB disconnected","timestamp":"2026-05-08 13:27:16"}
{"level":"warn","message":"MongoDB connection failed. Retrying in 5s... (3 attempts left)","timestamp":"2026-05-08 13:27:16"}
{"level":"warn","message":"MongoDB disconnected","timestamp":"2026-05-08 13:27:21"}
{"level":"warn","message":"MongoDB connection failed. Retrying in 5s... (2 attempts left)","timestamp":"2026-05-08 13:27:21"}
{"level":"warn","message":"MongoDB disconnected","timestamp":"2026-05-08 13:27:26"}
{"level":"warn","message":"MongoDB connection failed. Retrying in 5s... (1 attempts left)","timestamp":"2026-05-08 13:27:26"}
{"level":"warn","message":"MongoDB disconnected","timestamp":"2026-05-08 13:27:31"}
{"level":"warn","message":"MongoDB disconnected","timestamp":"2026-05-08 13:30:32"}
{"level":"warn","message":"MongoDB connection failed. Retrying in 5s... (5 attempts left)","timestamp":"2026-05-08 13:30:32"}
{"level":"warn","message":"MongoDB disconnected","timestamp":"2026-05-08 13:30:39"}
{"level":"warn","message":"MongoDB connection failed. Retrying in 5s... (4 attempts left)","timestamp":"2026-05-08 13:30:39"}
{"level":"warn","message":"MongoDB disconnected","timestamp":"2026-05-08 13:30:45"}
{"level":"warn","message":"MongoDB connection failed. Retrying in 5s... (3 attempts left)","timestamp":"2026-05-08 13:30:45"}
{"level":"warn","message":"MongoDB disconnected","timestamp":"2026-05-08 13:30:51"}
{"level":"warn","message":"MongoDB connection failed. Retrying in 5s... (2 attempts left)","timestamp":"2026-05-08 13:30:51"}
{"level":"warn","message":"MongoDB disconnected","timestamp":"2026-05-08 13:30:57"}
{"level":"warn","message":"MongoDB connection failed. Retrying in 5s... (1 attempts left)","timestamp":"2026-05-08 13:30:57"}
{"level":"warn","message":"MongoDB disconnected","timestamp":"2026-05-08 13:31:04"}
{"level":"warn","message":"MongoDB disconnected","timestamp":"2026-05-08 13:34:56"}
{"level":"warn","message":"MongoDB connection failed. Retrying in 5s... (5 attempts left)","timestamp":"2026-05-08 13:34:56"}
{"level":"warn","message":"MongoDB disconnected","timestamp":"2026-05-08 13:35:01"}
{"level":"warn","message":"MongoDB connection failed. Retrying in 5s... (4 attempts left)","timestamp":"2026-05-08 13:35:01"}
{"level":"warn","message":"MongoDB disconnected","timestamp":"2026-05-08 13:35:06"}
{"level":"warn","message":"MongoDB connection failed. Retrying in 5s... (3 attempts left)","timestamp":"2026-05-08 13:35:06"}
{"level":"warn","message":"MongoDB disconnected","timestamp":"2026-05-08 13:35:11"}
{"level":"warn","message":"MongoDB connection failed. Retrying in 5s... (2 attempts left)","timestamp":"2026-05-08 13:35:11"}
{"level":"warn","message":"MongoDB disconnected","timestamp":"2026-05-08 13:35:16"}
{"level":"warn","message":"MongoDB connection failed. Retrying in 5s... (1 attempts left)","timestamp":"2026-05-08 13:35:16"}
{"level":"warn","message":"MongoDB disconnected","timestamp":"2026-05-08 13:35:21"}
{"level":"warn","message":"MongoDB disconnected","timestamp":"2026-05-08 13:36:40"}
{"level":"warn","message":"MongoDB connection failed. Retrying in 5s... (5 attempts left)","timestamp":"2026-05-08 13:36:40"}
{"level":"warn","message":"MongoDB disconnected","timestamp":"2026-05-08 13:36:45"}
{"level":"warn","message":"MongoDB connection failed. Retrying in 5s... (4 attempts left)","timestamp":"2026-05-08 13:36:45"}
{"level":"warn","message":"MongoDB disconnected","timestamp":"2026-05-08 13:36:50"}
{"level":"warn","message":"MongoDB connection failed. Retrying in 5s... (3 attempts left)","timestamp":"2026-05-08 13:36:50"}
{"level":"warn","message":"MongoDB disconnected","timestamp":"2026-05-08 13:36:55"}
{"level":"warn","message":"MongoDB connection failed. Retrying in 5s... (2 attempts left)","timestamp":"2026-05-08 13:36:55"}
{"level":"warn","message":"MongoDB disconnected","timestamp":"2026-05-08 13:37:00"}
{"level":"warn","message":"MongoDB connection failed. Retrying in 5s... (1 attempts left)","timestamp":"2026-05-08 13:37:00"}
{"level":"warn","message":"MongoDB disconnected","timestamp":"2026-05-08 13:37:05"}
{"level":"info","message":"MongoDB connected successfully","timestamp":"2026-05-08 13:38:35"}
{"level":"info","message":"CoreX Ventures API running on port 5000 [development]","timestamp":"2026-05-08 13:38:35"}
{"level":"info","message":"MongoDB connected successfully","timestamp":"2026-05-08 13:45:05"}
{"level":"info","message":"CoreX Ventures API running on port 5000 [development]","timestamp":"2026-05-08 13:45:05"}
{"level":"info","message":"MongoDB connected successfully","timestamp":"2026-05-08 14:16:13"}
{"level":"info","message":"CoreX Ventures API running on port 5000 [development]","timestamp":"2026-05-08 14:16:13"}
{"level":"info","message":"MongoDB reconnected","timestamp":"2026-05-08 17:55:45"}
{"level":"info","message":"MongoDB reconnected","timestamp":"2026-05-08 17:55:45"}
{"level":"warn","message":"MongoDB disconnected","timestamp":"2026-05-08 18:03:47"}
{"level":"warn","message":"MongoDB connection failed. Retrying in 5s... (5 attempts left)","timestamp":"2026-05-08 18:03:47"}
{"level":"warn","message":"MongoDB disconnected","timestamp":"2026-05-08 18:04:22"}
{"level":"warn","message":"MongoDB connection failed. Retrying in 5s... (4 attempts left)","timestamp":"2026-05-08 18:04:22"}
{"level":"warn","message":"MongoDB disconnected","timestamp":"2026-05-08 18:04:57"}
{"level":"warn","message":"MongoDB connection failed. Retrying in 5s... (3 attempts left)","timestamp":"2026-05-08 18:04:57"}
{"level":"warn","message":"MongoDB disconnected","timestamp":"2026-05-08 18:05:32"}
{"level":"warn","message":"MongoDB connection failed. Retrying in 5s... (2 attempts left)","timestamp":"2026-05-08 18:05:32"}
{"level":"warn","message":"MongoDB disconnected","timestamp":"2026-05-08 18:06:07"}
{"level":"warn","message":"MongoDB connection failed. Retrying in 5s... (1 attempts left)","timestamp":"2026-05-08 18:06:07"}
{"level":"warn","message":"MongoDB disconnected","timestamp":"2026-05-08 18:06:42"}
{"level":"info","message":"MongoDB connected successfully","timestamp":"2026-05-08 18:13:03"}
{"level":"info","message":"CoreX Ventures API running on port 5000 [development]","timestamp":"2026-05-08 18:13:03"}
{"level":"info","message":"MongoDB connected successfully","timestamp":"2026-05-08 18:29:13"}
{"level":"info","message":"CoreX Ventures API running on port 5000 [development]","timestamp":"2026-05-08 18:29:13"}
{"level":"info","message":"MongoDB connected successfully","timestamp":"2026-05-08 19:54:25"}
{"level":"info","message":"CoreX Ventures API running on port 5000 [development]","timestamp":"2026-05-08 19:54:25"}
{"level":"warn","message":"MongoDB disconnected","timestamp":"2026-05-08 19:56:03"}
{"level":"info","message":"MongoDB reconnected","timestamp":"2026-05-08 19:56:03"}
